<?xml version="1.0" encoding="UTF-8"?>
<!-- Generated by org.testng.reporters.JUnitReportReporter -->
<testsuite skipped="1" hostname="DESKTOP-D6FQT73" name="org.testNGsample.Sample" tests="5" failures="0" timestamp="06 Jul 2023 06:24:36 GMT" time="0.020" errors="0">
  <testcase name="tc7" time="0.008" classname="org.testNGsample.Sample"/>
  <testcase name="tc5" time="0.004" classname="org.testNGsample.Sample"/>
  <testcase name="tc5" time="0.003" classname="org.testNGsample.Sample"/>
  <testcase name="tc5" time="0.005" classname="org.testNGsample.Sample"/>
  <testcase name="tc6" classname="org.testNGsample.Sample">
    <skipped/>
  </testcase> <!-- tc6 -->
</testsuite> <!-- org.testNGsample.Sample -->
